Vivado Simulator v2025.2
Copyright 1986-2022 Xilinx, Inc. All Rights Reserved.
Copyright 2022-2025 Advanced Micro Devices, Inc. All Rights Reserved.
Running: /home/likhith/vivado/2025.2/Vivado/bin/unwrapped/lnx64.o/xelab --incr --debug typical --relax --mt 8 -L xil_defaultlib -L unisims_ver -L unimacro_ver -L secureip --snapshot riscv_tb_behav xil_defaultlib.riscv_tb xil_defaultlib.glbl -log elaborate.log 
Using 8 slave threads.
WARNING: [XSIM 43-3431] One or more environment variables have been detected which affect the operation of the C compiler. These are typically not set in standard installations and are not tested by AMD, however they may be appropriate for your system, so the flow will attempt to continue.  If errors occur, try running xelab with the "-mt off -v 1" switches to see more information from the C compiler. The following environment variables have been detected:
Starting static elaboration
Pass Through NonSizing Optimizer
WARNING: [VRFC 10-9543] actual bit length 32 differs from formal bit length 16 for port 'x' [/home/likhith/coa_project_final/datapath_unit.v:191]
WARNING: [VRFC 10-9543] actual bit length 32 differs from formal bit length 16 for port 'y' [/home/likhith/coa_project_final/datapath_unit.v:192]
WARNING: [VRFC 10-9543] actual bit length 32 differs from formal bit length 16 for port 'M' [/home/likhith/coa_project_final/datapath_unit.v:193]
WARNING: [VRFC 10-9543] actual bit length 32 differs from formal bit length 16 for port 'result' [/home/likhith/coa_project_final/datapath_unit.v:194]
WARNING: [VRFC 10-9543] actual bit length 32 differs from formal bit length 16 for port 'in0' [/home/likhith/coa_project_final/datapath_unit.v:202]
Completed static elaboration
Starting simulation data flow analysis
Completed simulation data flow analysis
Time Resolution for simulation is 1ps
Compiling module xil_defaultlib.mux_21
Compiling module xil_defaultlib.pc
Compiling module xil_defaultlib.adder_32bit
Compiling module xil_defaultlib.instr_mem
Compiling module xil_defaultlib.IF_ID_Reg
Compiling module xil_defaultlib.reg_file
Compiling module xil_defaultlib.imm_gen
Compiling module xil_defaultlib.ID_EX_Reg
Compiling module xil_defaultlib.mux_41
Compiling module xil_defaultlib.alu_ctrl_unit
Compiling module xil_defaultlib.alu
Compiling module xil_defaultlib.EX_MEM_Reg
Compiling module xil_defaultlib.data_mem
Compiling module xil_defaultlib.MEM_WB_Reg
Compiling module xil_defaultlib.mod_mult_clk
Compiling module xil_defaultlib.mux_21_posit
Compiling module xil_defaultlib.datapath_unit
Compiling module xil_defaultlib.ctrlpath_unit
Compiling module xil_defaultlib.branch_ctrl_unit
Compiling module xil_defaultlib.fwd_unit
Compiling module xil_defaultlib.stall_unit
Compiling module xil_defaultlib.riscv_top
Compiling module xil_defaultlib.riscv_tb
Compiling module xil_defaultlib.glbl
Built simulation snapshot riscv_tb_behav
